==========================================================================
 - pinning rule in use   : PINNING_RULE_MCALC_SKIP_ALL
 - desired group         : 0, sockets = 0
 - num cores available   : 8
 - num accessible procs  : 8
 - num logical procs     : 8
 - affinity (main thread): 11111111 
 - sockets               : 0
 - potential cores       : 0,1,2,3,4,5,6,7
 - affinity              : 11111111
 - active cores          : 0,1,2,3,4,5,6,7
 - allowed socket ids    : 0
 - skip pinning: + allowed number of sockets = available number of sockets
                 + hyperthreading off
==========================================================================

========================================================================
Processing CAD model (for field results)
	[Improved internal geometry representation]
	[Accuracy improvement for long shapes in inhomogeneous mesh regions]
Version 2019.5 (build 20190426)
PBA version 2019042619
2020 Aug 30 (Sun): 11:03:40
========================================================================

===========================================
Finished CAD processing (for field results)
===========================================

========================================================================
Processing CAD model
	[Improved internal geometry representation]
	[Accuracy improvement for long shapes in inhomogeneous mesh regions]
Version 2019.5 (build 20190426)
PBA version 2019042619
2020 Aug 30 (Sun): 11:03:40
========================================================================

----------------------------------------------
Used point accuracy enhancement value: 75.00%.
----------------------------------------------

=============================================================================
Mesh statistics:
-----------------------------------------------------------------------------
Minimum edge length (x): 2 @ mesh line 21 (x)
Maximum edge length (x): 26.6 @ mesh line 26 (x)
Minimum face area (x): 12 @ mesh lines 18 | 7 (y | z)
Maximum face area (x): 768 @ mesh lines 23 | 1 (y | z)
Minimum edge length (y): 2 @ mesh line 18 (y)
Maximum edge length (y): 26.6 @ mesh line 23 (y)
Minimum face area (y): 12 @ mesh lines 7 | 21 (z | x)
Maximum face area (y): 768 @ mesh lines 1 | 26 (z | x)
Minimum edge length (z): 5.98 @ mesh line 7 (z)
Maximum edge length (z): 28.9 @ mesh line 1 (z)
Minimum face area (z): 4 @ mesh lines 21 | 18 (x | y)
Maximum face area (z): 705 @ mesh lines 26 | 23 (x | y)
Maximum mesh face aspect ratio (x): 14.5 : 1.0  @ mesh lines 18 | 1 (y | z)
Maximum mesh face aspect ratio (y): 14.5 : 1.0  @ mesh lines 1 | 21 (z | x)
Maximum mesh face aspect ratio (z): 13.3 : 1.0  @ mesh lines 26 | 18 (x | y)
=============================================================================

==============================================================================
Available resources to store TST cells: 2147473845 (21908527.29% of mesh size)
==============================================================================

==================================================================================================
== CST Matrix Calculation Priority Log                                                          ==
==================================================================================================
 
Priorities are sorted in ascending order beginning with the lowest priority
 
Priority:   1, shape   3: component1:Substrate, material: Rogers RO3010 (lossy), float:   0.00e+00, wire: false, sheet: false, human: false, PEC: false, SI: false, face port:   0, feature ID:      -1
Priority:   2, shape   2: component1:Patch, material: Copper (annealed), float:   0.00e+00, wire: false, sheet: false, human: false, PEC:  true, SI:  true, face port:   0, feature ID:      -1
Priority:   2, shape   1: component1:Ground, material: Copper (annealed), float:   0.00e+00, wire: false, sheet: false, human: false, PEC:  true, SI:  true, face port:   0, feature ID:      -1
Priority:   3, shape   4: discrete_face_port:1, material: PEC, float:   0.00e+00, wire: false, sheet:  true, human: false, PEC:  true, SI: false, face port:   1, feature ID:      -1
 
==================================================================================================
 
====================================================
PBA version: default
Geo accuracy: 75.000000
PEC background is represented by CAD geometry: false
Watertightness check: true
Self intersection check: false
Inheritance (all): false
Normal dominance (all): false
Normal dominance (ports): false
Flanges hollow: true
One shape per flange: false
====================================================
=======================
Finished CAD processing
=======================

------------------------------------------------------------
Parallelization Info
------------------------------------------------------------
Number of concurrent threads: 1
Number of node domains: 1
Number of mesh fill domains: 4
Memory downscale: 1
CPU load: 12.50%
Emptiness: 0.00%
Hex mesh complexity: 0.01
Geometric complexity: 0.00
------------------------------------------------------------
Node order
0
------------------------------------------------------------

1xN000:  <<<<<<<<<<<<<<<<<<<<<<<<
         2020 Aug30 (Sun): 11         <<<<<<<<<<<<<<<<<<<<<<<<

1xN000:  ==========================================================================
          - pinning rule in use   : PINNING_RULE_MCALC_SKIP_ALL
          - desired group         : 0, sockets = 0
          - num cores available   : 8
          - num accessible procs  : 8
          - num logical procs     : 8
          - affinity (main thread): 11111111
          - sockets               : 0
          - potential cores       : 0,1,2,3,4,5,6,7
          - affinity              : 11111111
          - active cores          : 0,1,2,3,4,5,6,7
          - allowed socket ids    : 0
          - skip pinning: + allowed number of sockets = available number of sockets
                          + hyperthreading off
         ==========================================================================

1xN000:  =======================================
         Matrix computation (PBA)
         	[Gaps between metals are preserved]
         	[PBA version: default]
         Version 2019.5 (build 20190426)
         PBA version 2019042619
         2020 Aug 30 (Sun): 11:03:41
         =======================================

1xN000:  ----------------------------------------------
         Used point accuracy enhancement value: 75.00%.
         ----------------------------------------------

1xN000:  Shapes are ordered to support shape wise matrix storage
1xN000:  ==================================================================================================
         == CST Matrix Calculation Priority Log                                                          ==
         ==================================================================================================

         Priorities are sorted in ascending order beginning with the lowest priority

         Priority:   3, shape   3: component1:Substrate, material: Rogers RO3010 (lossy)
         Priority:   4, shape   1: component1:Ground, material: Copper (annealed)
         Priority:   4, shape   2: component1:Patch, material: Copper (annealed)
         Priority:   5, shape   4: discrete_face_port:1, material: PEC

         ==================================================================================================

1xN000:  Gap-Detection activated for FARM-topology. Gaps are resolved, even partially.: gap tolerance value is 0.001 and mesh geometry scale is 0.001
1xN000:  cccccccccccccccccccccccccccccccccccccccccccccccccccccccccccccccccccc
         FARM/Meshfill cache is set to 8 (local FI domains: 4, dynamic: true)
         cccccccccccccccccccccccccccccccccccccccccccccccccccccccccccccccccccc

1xN000:  ssssssssssssssssssssssssssssssssssssssssss
         # of curls with SI accuracy enhancement: 0
         ssssssssssssssssssssssssssssssssssssssssss

1xN000:  ------------------------------------------------------------------------------
         PBA fill limit is applied in inverse mode.
         PBA fill limit is applied on faces filled with at least 99.00% metal material.
         --------------------------------------------------------------
         detailed accuracy settings:
         --------------------------------------------------------------
         augmented fill limit:       true
         augmented fill limit value: 99.00
         automatic fill limit:       true
         early fill limit:           true
         inverse fill limit:         true
         model complexity:           0.00
         legacy 2015:                false
         fixed point accuracy:       false
         minimum point accuracy:     0
         mesh step inheritance:      false
         accuracy mode:
         ------------------------------------------------------------------------------

1xN000:  discrete face port "1" is connected to metal material.
1xN000:  ----------------------------------------------------------------
         The following discrete face port is connected to metal material:
         	1
         ----------------------------------------------------------------

1xN000:  =================================
         Finished matrix computation (PBA)
         =================================

1xN000:  >>>>>>>>>>>>>>>>>>>>>>>>
         2020 Aug30 (Sun): 11         >>>>>>>>>>>>>>>>>>>>>>>>



--------------------------------
# of staircase filled cells: 0
# of staircase filled areas: 0
# of staircase filled edges: 0
# of faces above fill limit: 0
# of edges with FPBA topology: 0
--------------------------------

