(---------------------------------------------------------------------)
(                                                                     )
(    Allegro Netrev Import Logic                                      )
(                                                                     )
(    Drawing          : PCB.brd                                       )
(    Software Version : 17.2P019                                      )
(    Date/Time        : Wed Sep 16 16:11:20 2020                      )
(                                                                     )
(---------------------------------------------------------------------)


------ Directives ------------

Ripup etch:                  No
Ripup delete first segment:  No
Ripup retain bondwire:       No
Ripup symbols:               Always
Missing symbol has error:    No
DRC update:                  Yes
Schematic directory:         'C:\USERS\CTHULHU\DOWNLOADS\PCB\allegro'
Design Directory:            '.'
Old design name:             'C:/Users/Cthulhu/Downloads/PCB/allegro/PCB.brd'
New design name:             'PCB.brd'

CmdLine: netrev.exe -y 1 -i C:\USERS\CTHULHU\DOWNLOADS\PCB\allegro C:\Users\Cthulhu\Downloads\PCB\allegro\PCB.brd C:\USERS\CTHULHU\DOWNLOADS\PCB\allegro\PCB.brd

------ Preparing to read pst files ------

Starting to read C:/USERS/CTHULHU/DOWNLOADS/PCB/allegro/pstchip.dat 
   Finished reading C:/USERS/CTHULHU/DOWNLOADS/PCB/allegro/pstchip.dat (00:00:00.04)
Starting to read C:/USERS/CTHULHU/DOWNLOADS/PCB/allegro/pstxprt.dat 
   Finished reading C:/USERS/CTHULHU/DOWNLOADS/PCB/allegro/pstxprt.dat (00:00:00.00)
Starting to read C:/USERS/CTHULHU/DOWNLOADS/PCB/allegro/pstxnet.dat 
   Finished reading C:/USERS/CTHULHU/DOWNLOADS/PCB/allegro/pstxnet.dat (00:00:00.00)

------ Oversights/Warnings/Errors ------


------ Library Paths ------
MODULEPATH =  . 
           c:/cadence/spb_17.2/share/local/pcb/modules 

PSMPATH =  . 
           symbols 
           .. 
           ../symbols 
           c:/cadence/spb_17.2/share/local/pcb/symbols 
           c:/cadence/spb_17.2/share/pcb/pcb_lib/symbols 
           c:/cadence/spb_17.2/share/pcb/allegrolib/symbols 

PADPATH =  . 
           symbols 
           .. 
           ../symbols 
           c:/cadence/spb_17.2/share/local/pcb/padstacks 
           c:/cadence/spb_17.2/share/pcb/pcb_lib/symbols 
           c:/cadence/spb_17.2/share/pcb/allegrolib/symbols 


------ Summary Statistics ------


netrev run on Sep 16 16:11:20 2020
   DESIGN NAME : 'PCB'
   PACKAGING ON Mar  2 2016 00:37:24

   COMPILE 'logic'
   CHECK_PIN_NAMES OFF
   CROSS_REFERENCE OFF
   FEEDBACK OFF
   INCREMENTAL OFF
   INTERFACE_TYPE PHYSICAL
   MAX_ERRORS 500
   MERGE_MINIMUM 5
   NET_NAME_CHARS '#%&()*+-./:=>?@[]^_`|'
   NET_NAME_LENGTH 24
   OVERSIGHTS ON
   REPLACE_CHECK OFF
   SINGLE_NODE_NETS ON
   SPLIT_MINIMUM 0
   SUPPRESS   20
   WARNINGS ON

 No error detected
 No oversight detected
 No warning detected

cpu time      0:00:28
elapsed time  0:00:00

