(---------------------------------------------------------------------)
(                                                                     )
(    STEP Export                                                      )
(                                                                     )
(    Software Version : 17.2P019                                      )
(    Date/Time        : Wed Sep 16 14:40:41 2020                      )
(                                                                     )
(---------------------------------------------------------------------)


WARNING: Inside and touched board cutout detected at location (-0.3000 0.0000). IGNORED!


STEP file: C:/Users/Cthulhu/Downloads/PCB/allegro/PCB.stp
Design file: C:/Users/Cthulhu/Downloads/PCB/allegro/PCB.brd
Export units: Millimeter
STEP protocol: AP-214
Source identification: allegro_17.2P028
Export selected and highlighted parts?: NO
Export secondary parts?: NO
Export parts with mapped STEP Models?: NO
Export parts without mapped STEP Models?: NO
Export assemblies and enclosures parts?: NO
Export mechanical drills?: NO
Export electrical through pin drills?: NO
Export electrical through via drills?: NO
Export bare board only?: YES
Export external copper?: NO
step_out complete.
