Unknown:
C:\Users\Cthulhu\AppData\Local\Temp\CSTDE1\ANTENA\Result\farfield (f=910)_1.fme
C:\Users\Cthulhu\AppData\Local\Temp\CSTDE1\ANTENA\Result\farfield (f=915)_1.fme
C:\Users\Cthulhu\AppData\Local\Temp\CSTDE1\ANTENA\Result\farfield (f=920)_1.fme
C:\Users\Cthulhu\AppData\Local\Temp\CSTDE1\ANTENA\Result\Hex.gap
C:\Users\Cthulhu\AppData\Local\Temp\CSTDE1\ANTENA\Result\MCalc-Facets-1xN.log
C:\Users\Cthulhu\AppData\Local\Temp\CSTDE1\ANTENA\Result\MCalc-Facets-PP.log
C:\Users\Cthulhu\AppData\Local\Temp\CSTDE1\ANTENA\Result\MCalc.ddi
C:\Users\Cthulhu\AppData\Local\Temp\CSTDE1\ANTENA\Result\MCalc.log
C:\Users\Cthulhu\AppData\Local\Temp\CSTDE1\ANTENA\Result\ml_info.log
C:\Users\Cthulhu\AppData\Local\Temp\CSTDE1\ANTENA\Result\Model.axg
C:\Users\Cthulhu\AppData\Local\Temp\CSTDE1\ANTENA\Result\Model.coco
C:\Users\Cthulhu\AppData\Local\Temp\CSTDE1\ANTENA\Result\Model.ddi
C:\Users\Cthulhu\AppData\Local\Temp\CSTDE1\ANTENA\Result\Model.log
C:\Users\Cthulhu\AppData\Local\Temp\CSTDE1\ANTENA\Result\Model.sa
C:\Users\Cthulhu\AppData\Local\Temp\CSTDE1\ANTENA\Result\Model.sam
C:\Users\Cthulhu\AppData\Local\Temp\CSTDE1\ANTENA\Result\Model_m1.sam
C:\Users\Cthulhu\AppData\Local\Temp\CSTDE1\ANTENA\Result\m^fbqq.dsc
C:\Users\Cthulhu\AppData\Local\Temp\CSTDE1\ANTENA\Result\m^fifx.dsc
C:\Users\Cthulhu\AppData\Local\Temp\CSTDE1\ANTENA\Result\m^fqq.dsc
C:\Users\Cthulhu\AppData\Local\Temp\CSTDE1\ANTENA\Result\Ports.web
C:\Users\Cthulhu\AppData\Local\Temp\CSTDE1\ANTENA\Result\p^a.dsc
C:\Users\Cthulhu\AppData\Local\Temp\CSTDE1\ANTENA\Result\P^m^fbqq.slog
C:\Users\Cthulhu\AppData\Local\Temp\CSTDE1\ANTENA\Result\P^m^fqq.slog
C:\Users\Cthulhu\AppData\Local\Temp\CSTDE1\ANTENA\Result\P^p^m.slog
C:\Users\Cthulhu\AppData\Local\Temp\CSTDE1\ANTENA\Result\P^s^pm.slog
Mesh:
C:\Users\Cthulhu\AppData\Local\Temp\CSTDE1\ANTENA\Result\dA.mat
C:\Users\Cthulhu\AppData\Local\Temp\CSTDE1\ANTENA\Result\dad.mat
C:\Users\Cthulhu\AppData\Local\Temp\CSTDE1\ANTENA\Result\ds.mat
C:\Users\Cthulhu\AppData\Local\Temp\CSTDE1\ANTENA\Result\dsd.mat
C:\Users\Cthulhu\AppData\Local\Temp\CSTDE1\ANTENA\Result\dsMCalc.mat
C:\Users\Cthulhu\AppData\Local\Temp\CSTDE1\ANTENA\Result\Eps.mat
C:\Users\Cthulhu\AppData\Local\Temp\CSTDE1\ANTENA\Result\HexMatrix.m2h
C:\Users\Cthulhu\AppData\Local\Temp\CSTDE1\ANTENA\Result\HexMatrix_MCalc.m2h
C:\Users\Cthulhu\AppData\Local\Temp\CSTDE1\ANTENA\Result\Kappa.mat
C:\Users\Cthulhu\AppData\Local\Temp\CSTDE1\ANTENA\Result\MCalc.fmp
C:\Users\Cthulhu\AppData\Local\Temp\CSTDE1\ANTENA\Result\MCalc.xcfd
C:\Users\Cthulhu\AppData\Local\Temp\CSTDE1\ANTENA\Result\Model.cct
C:\Users\Cthulhu\AppData\Local\Temp\CSTDE1\ANTENA\Result\Model.fmf
C:\Users\Cthulhu\AppData\Local\Temp\CSTDE1\ANTENA\Result\Model.fmm
C:\Users\Cthulhu\AppData\Local\Temp\CSTDE1\ANTENA\Result\Model.fpc
C:\Users\Cthulhu\AppData\Local\Temp\CSTDE1\ANTENA\Result\Model.fsi
C:\Users\Cthulhu\AppData\Local\Temp\CSTDE1\ANTENA\Result\Model.fwf
C:\Users\Cthulhu\AppData\Local\Temp\CSTDE1\ANTENA\Result\Model.mss
C:\Users\Cthulhu\AppData\Local\Temp\CSTDE1\ANTENA\Result\Model.sic
C:\Users\Cthulhu\AppData\Local\Temp\CSTDE1\ANTENA\Result\Model.spi
C:\Users\Cthulhu\AppData\Local\Temp\CSTDE1\ANTENA\Result\Model.xcfd
C:\Users\Cthulhu\AppData\Local\Temp\CSTDE1\ANTENA\Result\Model^PEC.fpf
C:\Users\Cthulhu\AppData\Local\Temp\CSTDE1\ANTENA\Result\Mue.mat
C:\Users\Cthulhu\AppData\Local\Temp\CSTDE1\ANTENA\Result\m^fbqq.mem
C:\Users\Cthulhu\AppData\Local\Temp\CSTDE1\ANTENA\Result\m^fqq.mem
C:\Users\Cthulhu\AppData\Local\Temp\CSTDE1\ANTENA\Result\PEC.mat
C:\Users\Cthulhu\AppData\Local\Temp\CSTDE1\ANTENA\Result\Ports.fpt
C:\Users\Cthulhu\AppData\Local\Temp\CSTDE1\ANTENA\Result\PP.fsi
C:\Users\Cthulhu\AppData\Local\Temp\CSTDE1\ANTENA\Result\p^a.mem
C:\Users\Cthulhu\AppData\Local\Temp\CSTDE1\ANTENA\Result\p^m.mem
C:\Users\Cthulhu\AppData\Local\Temp\CSTDE1\ANTENA\Result\Rho.mat
C:\Users\Cthulhu\AppData\Local\Temp\CSTDE1\ANTENA\Result\S2HMatrix.m2h
C:\Users\Cthulhu\AppData\Local\Temp\CSTDE1\ANTENA\Result\Shapes.con
C:\Users\Cthulhu\AppData\Local\Temp\CSTDE1\ANTENA\Result\s^pm.mem
Port:
C:\Users\Cthulhu\AppData\Local\Temp\CSTDE1\ANTENA\Result\Model.pmi
